# JRE version: OpenJDK Runtime Environment (21.0.1+12) (build 21.0.1+12-29)
# Java VM: OpenJDK 64-Bit Server VM (21.0.1+12-29, mixed mode, sharing, tiered, compressed oops, compressed class ptrs, g1 gc, windows-amd64)
GC Precious Log:
 CardTable entry size: 512
 Card Set container configuration: InlinePtr #cards 4 size 8 Array Of Cards #cards 16 size 48 Howl #buckets 8 coarsen threshold 3686 Howl Bitmap #cards 512 size 80 coarsen threshold 460 Card regions per heap region 1 cards per card region 4096
 CPUs: 4 total, 4 available
 Memory: 12253M
 Large Page Support: Disabled
 NUMA Support: Disabled
 Compressed Oops: Enabled (Zero based)
 Heap Region Size: 2M
 Heap Min Capacity: 8M
 Heap Initial Capacity: 192M
 Heap Max Capacity: 3064M
 Pre-touch: Disabled
 Parallel Workers: 4
 Concurrent Workers: 1
 Concurrent Refinement Workers: 4
 Periodic GC: Disabled
Heap:
 garbage-first heap   total 196608K, used 34869K [0x0000000740800000, 0x0000000800000000)
  region size 2048K, 17 young (34816K), 3 survivors (6144K)
 Metaspace       used 20926K, committed 21312K, reserved 1114112K
  class space    used 2534K, committed 2688K, reserved 1048576K
GC Heap History (6 events):
Event: 2.378 GC heap before
{Heap before GC invocations=0 (full 0):
 garbage-first heap   total 196608K, used 12288K [0x0000000740800000, 0x0000000800000000)
  region size 2048K, 6 young (12288K), 0 survivors (0K)
 Metaspace       used 4124K, committed 4352K, reserved 1114112K
  class space    used 416K, committed 512K, reserved 1048576K
}
Event: 2.385 GC heap after
{Heap after GC invocations=1 (full 0):
 garbage-first heap   total 196608K, used 4096K [0x0000000740800000, 0x0000000800000000)
  region size 2048K, 1 young (2048K), 1 survivors (2048K)
 Metaspace       used 4124K, committed 4352K, reserved 1114112K
  class space    used 416K, committed 512K, reserved 1048576K
}
Event: 3.466 GC heap before
{Heap before GC invocations=1 (full 0):
 garbage-first heap   total 196608K, used 14336K [0x0000000740800000, 0x0000000800000000)
  region size 2048K, 6 young (12288K), 1 survivors (2048K)
 Metaspace       used 7113K, committed 7296K, reserved 1114112K
  class space    used 821K, committed 896K, reserved 1048576K
}
Event: 3.472 GC heap after
{Heap after GC invocations=2 (full 0):
 garbage-first heap   total 196608K, used 5071K [0x0000000740800000, 0x0000000800000000)
  region size 2048K, 1 young (2048K), 1 survivors (2048K)
 Metaspace       used 7113K, committed 7296K, reserved 1114112K
  class space    used 821K, committed 896K, reserved 1048576K
}
Event: 5.282 GC heap before
{Heap before GC invocations=2 (full 0):
 garbage-first heap   total 196608K, used 37839K [0x0000000740800000, 0x0000000800000000)
  region size 2048K, 18 young (36864K), 1 survivors (2048K)
 Metaspace       used 16469K, committed 16832K, reserved 1114112K
  class space    used 2000K, committed 2176K, reserved 1048576K
}
Event: 5.295 GC heap after
{Heap after GC invocations=3 (full 0):
 garbage-first heap   total 196608K, used 8245K [0x0000000740800000, 0x0000000800000000)
  region size 2048K, 3 young (6144K), 3 survivors (6144K)
 Metaspace       used 16469K, committed 16832K, reserved 1114112K
  class space    used 2000K, committed 2176K, reserved 1048576K
}

